Copyright 1986-2022 Xilinx, Inc. All Rights Reserved.
------------------------------------------------------------------------------------
| Tool Version : Vivado v.2022.2 (win64) Build 3671981 Fri Oct 14 05:00:03 MDT 2022
| Date         : Mon Nov 13 19:40:10 2023
| Host         : DESKTOP-AE2MTOR running 64-bit major release  (build 9200)
| Command      : upgrade_ip
| Device       : xc7s50csga324-1
------------------------------------------------------------------------------------

Upgrade Log for IP 'mb_zoom_rst_clk_wiz_1_100M_1'

1. Summary
----------

SUCCESS in the conversion of mb_zoom_rst_clk_wiz_1_100M_1 (xilinx.com:ip:proc_sys_reset:5.0 (Rev. 13)) to Vivado generation flows.






Copyright 1986-2022 Xilinx, Inc. All Rights Reserved.
------------------------------------------------------------------------------------
| Tool Version : Vivado v.2022.2 (win64) Build 3671981 Fri Oct 14 05:00:03 MDT 2022
| Date         : Mon Nov 13 19:40:10 2023
| Host         : DESKTOP-AE2MTOR running 64-bit major release  (build 9200)
| Command      : upgrade_ip
| Device       : xc7s50csga324-1
------------------------------------------------------------------------------------

Upgrade Log for IP 'mb_zoom_microblaze_0_xlconcat_0'

1. Summary
----------

SUCCESS in the conversion of mb_zoom_microblaze_0_xlconcat_0 (xilinx.com:ip:xlconcat:2.1 (Rev. 4)) to Vivado generation flows.






Copyright 1986-2022 Xilinx, Inc. All Rights Reserved.
------------------------------------------------------------------------------------
| Tool Version : Vivado v.2022.2 (win64) Build 3671981 Fri Oct 14 05:00:03 MDT 2022
| Date         : Mon Nov 13 19:40:10 2023
| Host         : DESKTOP-AE2MTOR running 64-bit major release  (build 9200)
| Command      : upgrade_ip
| Device       : xc7s50csga324-1
------------------------------------------------------------------------------------

Upgrade Log for IP 'mb_zoom_microblaze_0_axi_periph_0'

1. Summary
----------

SUCCESS in the conversion of mb_zoom_microblaze_0_axi_periph_0 (xilinx.com:ip:axi_interconnect:2.1 (Rev. 28)) to Vivado generation flows.






Copyright 1986-2022 Xilinx, Inc. All Rights Reserved.
------------------------------------------------------------------------------------
| Tool Version : Vivado v.2022.2 (win64) Build 3671981 Fri Oct 14 05:00:03 MDT 2022
| Date         : Mon Nov 13 19:40:10 2023
| Host         : DESKTOP-AE2MTOR running 64-bit major release  (build 9200)
| Command      : upgrade_ip
| Device       : xc7s50csga324-1
------------------------------------------------------------------------------------

Upgrade Log for IP 'mb_zoom_microblaze_0_axi_intc_0'

1. Summary
----------

SUCCESS in the conversion of mb_zoom_microblaze_0_axi_intc_0 (xilinx.com:ip:axi_intc:4.1 (Rev. 17)) to Vivado generation flows.

2. Upgrade messages
-------------------

Set parameter C_IVAR_RESET_VALUE to value 0x0000000000000010 (source 'default')






Copyright 1986-2022 Xilinx, Inc. All Rights Reserved.
------------------------------------------------------------------------------------
| Tool Version : Vivado v.2022.2 (win64) Build 3671981 Fri Oct 14 05:00:03 MDT 2022
| Date         : Mon Nov 13 19:40:10 2023
| Host         : DESKTOP-AE2MTOR running 64-bit major release  (build 9200)
| Command      : upgrade_ip
| Device       : xc7s50csga324-1
------------------------------------------------------------------------------------

Upgrade Log for IP 'mb_zoom_microblaze_0_1'

1. Summary
----------

SUCCESS in the conversion of mb_zoom_microblaze_0_1 (xilinx.com:ip:microblaze:11.0 (Rev. 10)) to Vivado generation flows.






Copyright 1986-2022 Xilinx, Inc. All Rights Reserved.
------------------------------------------------------------------------------------
| Tool Version : Vivado v.2022.2 (win64) Build 3671981 Fri Oct 14 05:00:03 MDT 2022
| Date         : Mon Nov 13 19:40:10 2023
| Host         : DESKTOP-AE2MTOR running 64-bit major release  (build 9200)
| Command      : upgrade_ip
| Device       : xc7s50csga324-1
------------------------------------------------------------------------------------

Upgrade Log for IP 'mb_zoom_mdm_1_1'

1. Summary
----------

SUCCESS in the conversion of mb_zoom_mdm_1_1 (xilinx.com:ip:mdm:3.2 (Rev. 23)) to Vivado generation flows.

2. Upgrade messages
-------------------

Set parameter C_M_AXIS_ID_WIDTH to value 7 (source 'default')






Copyright 1986-2022 Xilinx, Inc. All Rights Reserved.
------------------------------------------------------------------------------------
| Tool Version : Vivado v.2022.2 (win64) Build 3671981 Fri Oct 14 05:00:03 MDT 2022
| Date         : Mon Nov 13 19:40:10 2023
| Host         : DESKTOP-AE2MTOR running 64-bit major release  (build 9200)
| Command      : upgrade_ip
| Device       : xc7s50csga324-1
------------------------------------------------------------------------------------

Upgrade Log for IP 'mb_zoom_lmb_bram_1'

1. Summary
----------

SUCCESS in the conversion of mb_zoom_lmb_bram_1 (xilinx.com:ip:blk_mem_gen:8.4 (Rev. 5)) to Vivado generation flows.






Copyright 1986-2022 Xilinx, Inc. All Rights Reserved.
------------------------------------------------------------------------------------
| Tool Version : Vivado v.2022.2 (win64) Build 3671981 Fri Oct 14 05:00:03 MDT 2022
| Date         : Mon Nov 13 19:40:10 2023
| Host         : DESKTOP-AE2MTOR running 64-bit major release  (build 9200)
| Command      : upgrade_ip
| Device       : xc7s50csga324-1
------------------------------------------------------------------------------------

Upgrade Log for IP 'mb_zoom_ilmb_v10_1'

1. Summary
----------

SUCCESS in the conversion of mb_zoom_ilmb_v10_1 (xilinx.com:ip:lmb_v10:3.0 (Rev. 12)) to Vivado generation flows.






Copyright 1986-2022 Xilinx, Inc. All Rights Reserved.
------------------------------------------------------------------------------------
| Tool Version : Vivado v.2022.2 (win64) Build 3671981 Fri Oct 14 05:00:03 MDT 2022
| Date         : Mon Nov 13 19:40:10 2023
| Host         : DESKTOP-AE2MTOR running 64-bit major release  (build 9200)
| Command      : upgrade_ip
| Device       : xc7s50csga324-1
------------------------------------------------------------------------------------

Upgrade Log for IP 'mb_zoom_ilmb_bram_if_cntlr_1'

1. Summary
----------

SUCCESS in the conversion of mb_zoom_ilmb_bram_if_cntlr_1 (xilinx.com:ip:lmb_bram_if_cntlr:4.0 (Rev. 21)) to Vivado generation flows.

2. Upgrade messages
-------------------

Set parameter C_MASK1 to value 0x0000000000800000 (source 'default')
Set parameter C_MASK2 to value 0x0000000000800000 (source 'default')
Set parameter C_MASK3 to value 0x0000000000800000 (source 'default')






Copyright 1986-2022 Xilinx, Inc. All Rights Reserved.
------------------------------------------------------------------------------------
| Tool Version : Vivado v.2022.2 (win64) Build 3671981 Fri Oct 14 05:00:03 MDT 2022
| Date         : Mon Nov 13 19:40:10 2023
| Host         : DESKTOP-AE2MTOR running 64-bit major release  (build 9200)
| Command      : upgrade_ip
| Device       : xc7s50csga324-1
------------------------------------------------------------------------------------

Upgrade Log for IP 'mb_zoom_dlmb_v10_1'

1. Summary
----------

SUCCESS in the conversion of mb_zoom_dlmb_v10_1 (xilinx.com:ip:lmb_v10:3.0 (Rev. 12)) to Vivado generation flows.






Copyright 1986-2022 Xilinx, Inc. All Rights Reserved.
------------------------------------------------------------------------------------
| Tool Version : Vivado v.2022.2 (win64) Build 3671981 Fri Oct 14 05:00:03 MDT 2022
| Date         : Mon Nov 13 19:40:10 2023
| Host         : DESKTOP-AE2MTOR running 64-bit major release  (build 9200)
| Command      : upgrade_ip
| Device       : xc7s50csga324-1
------------------------------------------------------------------------------------

Upgrade Log for IP 'mb_zoom_dlmb_bram_if_cntlr_1'

1. Summary
----------

SUCCESS in the conversion of mb_zoom_dlmb_bram_if_cntlr_1 (xilinx.com:ip:lmb_bram_if_cntlr:4.0 (Rev. 21)) to Vivado generation flows.

2. Upgrade messages
-------------------

Set parameter C_MASK1 to value 0x0000000000800000 (source 'default')
Set parameter C_MASK2 to value 0x0000000000800000 (source 'default')
Set parameter C_MASK3 to value 0x0000000000800000 (source 'default')






Copyright 1986-2022 Xilinx, Inc. All Rights Reserved.
------------------------------------------------------------------------------------
| Tool Version : Vivado v.2022.2 (win64) Build 3671981 Fri Oct 14 05:00:03 MDT 2022
| Date         : Mon Nov 13 19:40:10 2023
| Host         : DESKTOP-AE2MTOR running 64-bit major release  (build 9200)
| Command      : upgrade_ip
| Device       : xc7s50csga324-1
------------------------------------------------------------------------------------

Upgrade Log for IP 'mb_zoom_clk_wiz_1_1'

1. Summary
----------

SUCCESS in the conversion of mb_zoom_clk_wiz_1_1 (xilinx.com:ip:clk_wiz:6.0 (Rev. 11)) to Vivado generation flows.






Copyright 1986-2022 Xilinx, Inc. All Rights Reserved.
------------------------------------------------------------------------------------
| Tool Version : Vivado v.2022.2 (win64) Build 3671981 Fri Oct 14 05:00:03 MDT 2022
| Date         : Mon Nov 13 19:40:10 2023
| Host         : DESKTOP-AE2MTOR running 64-bit major release  (build 9200)
| Command      : upgrade_ip
| Device       : xc7s50csga324-1
------------------------------------------------------------------------------------

Upgrade Log for IP 'mb_zoom_axi_uartlite_0_0'

1. Summary
----------

SUCCESS in the conversion of mb_zoom_axi_uartlite_0_0 (xilinx.com:ip:axi_uartlite:2.0 (Rev. 31)) to Vivado generation flows.






Copyright 1986-2022 Xilinx, Inc. All Rights Reserved.
------------------------------------------------------------------------------------
| Tool Version : Vivado v.2022.2 (win64) Build 3671981 Fri Oct 14 05:00:03 MDT 2022
| Date         : Mon Nov 13 19:40:10 2023
| Host         : DESKTOP-AE2MTOR running 64-bit major release  (build 9200)
| Command      : upgrade_ip
| Device       : xc7s50csga324-1
------------------------------------------------------------------------------------

Upgrade Log for IP 'mb_zoom_axi_timer_0_0'

1. Summary
----------

SUCCESS in the conversion of mb_zoom_axi_timer_0_0 (xilinx.com:ip:axi_timer:2.0 (Rev. 29)) to Vivado generation flows.






Copyright 1986-2022 Xilinx, Inc. All Rights Reserved.
------------------------------------------------------------------------------------
| Tool Version : Vivado v.2022.2 (win64) Build 3671981 Fri Oct 14 05:00:03 MDT 2022
| Date         : Mon Nov 13 19:40:10 2023
| Host         : DESKTOP-AE2MTOR running 64-bit major release  (build 9200)
| Command      : upgrade_ip
| Device       : xc7s50csga324-1
------------------------------------------------------------------------------------

Upgrade Log for IP 'mb_zoom_axi_quad_spi_0_0'

1. Summary
----------

SUCCESS in the conversion of mb_zoom_axi_quad_spi_0_0 (xilinx.com:ip:axi_quad_spi:3.2 (Rev. 26)) to Vivado generation flows.






Copyright 1986-2022 Xilinx, Inc. All Rights Reserved.
------------------------------------------------------------------------------------
| Tool Version : Vivado v.2022.2 (win64) Build 3671981 Fri Oct 14 05:00:03 MDT 2022
| Date         : Mon Nov 13 19:40:10 2023
| Host         : DESKTOP-AE2MTOR running 64-bit major release  (build 9200)
| Command      : upgrade_ip
| Device       : xc7s50csga324-1
------------------------------------------------------------------------------------

Upgrade Log for IP 'mb_zoom_axi_gpio_0_2'

1. Summary
----------

SUCCESS in the conversion of mb_zoom_axi_gpio_0_2 (xilinx.com:ip:axi_gpio:2.0 (Rev. 29)) to Vivado generation flows.






Copyright 1986-2022 Xilinx, Inc. All Rights Reserved.
------------------------------------------------------------------------------------
| Tool Version : Vivado v.2022.2 (win64) Build 3671981 Fri Oct 14 05:00:03 MDT 2022
| Date         : Mon Nov 13 19:40:10 2023
| Host         : DESKTOP-AE2MTOR running 64-bit major release  (build 9200)
| Command      : upgrade_ip
| Device       : xc7s50csga324-1
------------------------------------------------------------------------------------

Upgrade Log for IP 'mb_zoom_axi_gpio_0_1'

1. Summary
----------

SUCCESS in the conversion of mb_zoom_axi_gpio_0_1 (xilinx.com:ip:axi_gpio:2.0 (Rev. 29)) to Vivado generation flows.






Copyright 1986-2022 Xilinx, Inc. All Rights Reserved.
------------------------------------------------------------------------------------
| Tool Version : Vivado v.2022.2 (win64) Build 3671981 Fri Oct 14 05:00:03 MDT 2022
| Date         : Mon Nov 13 19:40:10 2023
| Host         : DESKTOP-AE2MTOR running 64-bit major release  (build 9200)
| Command      : upgrade_ip
| Device       : xc7s50csga324-1
------------------------------------------------------------------------------------

Upgrade Log for IP 'mb_zoom_axi_gpio_0_0'

1. Summary
----------

SUCCESS in the conversion of mb_zoom_axi_gpio_0_0 (xilinx.com:ip:axi_gpio:2.0 (Rev. 29)) to Vivado generation flows.






Copyright 1986-2022 Xilinx, Inc. All Rights Reserved.
------------------------------------------------------------------------------------
| Tool Version : Vivado v.2022.2 (win64) Build 3671981 Fri Oct 14 05:00:03 MDT 2022
| Date         : Mon Nov 13 19:39:51 2023
| Host         : DESKTOP-AE2MTOR running 64-bit major release  (build 9200)
| Command      : upgrade_ip
| Device       : xc7s50csga324-1
------------------------------------------------------------------------------------

Upgrade Log for IP 'hdmi_tx_0'

1. Summary
----------

SUCCESS in the conversion of hdmi_tx_0 (realdigital.org:realdigital:hdmi_tx:1.0 (Rev. 2)) to Vivado generation flows.






Copyright 1986-2022 Xilinx, Inc. All Rights Reserved.
------------------------------------------------------------------------------------
| Tool Version : Vivado v.2022.2 (win64) Build 3671981 Fri Oct 14 05:00:03 MDT 2022
| Date         : Mon Nov 13 19:39:51 2023
| Host         : DESKTOP-AE2MTOR running 64-bit major release  (build 9200)
| Command      : upgrade_ip
| Device       : xc7s50csga324-1
------------------------------------------------------------------------------------

Upgrade Log for IP 'clk_wiz_0'

1. Summary
----------

SUCCESS in the conversion of clk_wiz_0 (xilinx.com:ip:clk_wiz:6.0 (Rev. 11)) to Vivado generation flows.






Copyright 1986-2022 Xilinx, Inc. All Rights Reserved.
------------------------------------------------------------------------------------
| Tool Version : Vivado v.2022.2 (win64) Build 3671981 Fri Oct 14 05:00:03 MDT 2022
| Date         : Mon Nov 13 19:39:47 2023
| Host         : DESKTOP-AE2MTOR running 64-bit major release  (build 9200)
| Command      : upgrade_ip
| Device       : xc7s50csga324-1
------------------------------------------------------------------------------------

Upgrade Log for IP 'car_rom'

1. Summary
----------

SUCCESS in the conversion of car_rom (xilinx.com:ip:blk_mem_gen:8.4 (Rev. 5)) to Vivado generation flows.

