Copyright 1986-2022 Xilinx, Inc. All Rights Reserved.
----------------------------------------------------------------------------------------------------------------------------------------------
| Tool Version     : Vivado v.2022.2 (win64) Build 3671981 Fri Oct 14 05:00:03 MDT 2022
| Date             : Wed Dec 13 14:28:47 2023
| Host             : DESKTOP-AE2MTOR running 64-bit major release  (build 9200)
| Command          : report_power -file zoom_top_power_routed.rpt -pb zoom_top_power_summary_routed.pb -rpx zoom_top_power_routed.rpx
| Design           : zoom_top
| Device           : xc7s50csga324-1
| Design State     : routed
| Grade            : commercial
| Process          : typical
| Characterization : Production
----------------------------------------------------------------------------------------------------------------------------------------------

Power Report

Table of Contents
-----------------
1. Summary
1.1 On-Chip Components
1.2 Power Supply Summary
1.3 Confidence Level
2. Settings
2.1 Environment
2.2 Clock Constraints
3. Detailed Reports
3.1 By Hierarchy

1. Summary
----------

+--------------------------+--------------+
| Total On-Chip Power (W)  | 0.515        |
| Design Power Budget (W)  | Unspecified* |
| Power Budget Margin (W)  | NA           |
| Dynamic (W)              | 0.439        |
| Device Static (W)        | 0.077        |
| Effective TJA (C/W)      | 4.9          |
| Max Ambient (C)          | 82.5         |
| Junction Temperature (C) | 27.5         |
| Confidence Level         | Low          |
| Setting File             | ---          |
| Simulation Activity File | ---          |
| Design Nets Matched      | NA           |
+--------------------------+--------------+
* Specify Design Power Budget using, set_operating_conditions -design_power_budget <value in Watts>


1.1 On-Chip Components
----------------------

+--------------------------+-----------+----------+-----------+-----------------+
| On-Chip                  | Power (W) | Used     | Available | Utilization (%) |
+--------------------------+-----------+----------+-----------+-----------------+
| Clocks                   |     0.014 |       10 |       --- |             --- |
| Slice Logic              |     0.027 |    12657 |       --- |             --- |
|   LUT as Logic           |     0.024 |     5616 |     32600 |           17.23 |
|   CARRY4                 |     0.002 |      600 |      8150 |            7.36 |
|   LUT as Distributed RAM |    <0.001 |      172 |      9600 |            1.79 |
|   Register               |    <0.001 |     3522 |     65200 |            5.40 |
|   F7/F8 Muxes            |    <0.001 |       48 |     32600 |            0.15 |
|   LUT as Shift Register  |    <0.001 |      112 |      9600 |            1.17 |
|   BUFG                   |    <0.001 |        2 |        32 |            6.25 |
|   Others                 |     0.000 |     1011 |       --- |             --- |
| Signals                  |     0.028 |     9987 |       --- |             --- |
| Block RAM                |     0.016 |       75 |        75 |          100.00 |
| MMCM                     |     0.106 |        1 |         5 |           20.00 |
| PLL                      |     0.103 |        1 |         5 |           20.00 |
| DSPs                     |     0.010 |       45 |       120 |           37.50 |
| I/O                      |     0.134 |       18 |       210 |            8.57 |
| Static Power             |     0.077 |          |           |                 |
| Total                    |     0.515 |          |           |                 |
+--------------------------+-----------+----------+-----------+-----------------+


1.2 Power Supply Summary
------------------------

+-----------+-------------+-----------+-------------+------------+-------------+-------------+------------+
| Source    | Voltage (V) | Total (A) | Dynamic (A) | Static (A) | Powerup (A) | Budget (A)  | Margin (A) |
+-----------+-------------+-----------+-------------+------------+-------------+-------------+------------+
| Vccint    |       1.000 |     0.118 |       0.105 |      0.013 |       NA    | Unspecified | NA         |
| Vccaux    |       1.800 |     0.123 |       0.111 |      0.013 |       NA    | Unspecified | NA         |
| Vcco33    |       3.300 |     0.041 |       0.040 |      0.001 |       NA    | Unspecified | NA         |
| Vcco25    |       2.500 |     0.000 |       0.000 |      0.000 |       NA    | Unspecified | NA         |
| Vcco18    |       1.800 |     0.000 |       0.000 |      0.000 |       NA    | Unspecified | NA         |
| Vcco15    |       1.500 |     0.000 |       0.000 |      0.000 |       NA    | Unspecified | NA         |
| Vcco135   |       1.350 |     0.000 |       0.000 |      0.000 |       NA    | Unspecified | NA         |
| Vcco12    |       1.200 |     0.000 |       0.000 |      0.000 |       NA    | Unspecified | NA         |
| Vccaux_io |       1.800 |     0.000 |       0.000 |      0.000 |       NA    | Unspecified | NA         |
| Vccbram   |       1.000 |     0.003 |       0.001 |      0.002 |       NA    | Unspecified | NA         |
| Vccadc    |       1.800 |     0.020 |       0.000 |      0.020 |       NA    | Unspecified | NA         |
+-----------+-------------+-----------+-------------+------------+-------------+-------------+------------+


1.3 Confidence Level
--------------------

+-----------------------------+------------+--------------------------------------------------------+--------------------------------------------------------------------------------------------------------------------+
| User Input Data             | Confidence | Details                                                | Action                                                                                                             |
+-----------------------------+------------+--------------------------------------------------------+--------------------------------------------------------------------------------------------------------------------+
| Design implementation state | High       | Design is routed                                       |                                                                                                                    |
| Clock nodes activity        | Medium     | More than 5% of clocks are missing user specification  | Provide missing clock activity with a constraint file, simulation results or by editing the "By Clock Domain" view |
| I/O nodes activity          | Low        | More than 75% of inputs are missing user specification | Provide missing input activity with simulation results or by editing the "By Resource Type -> I/Os" view           |
| Internal nodes activity     | Medium     | User specified less than 25% of internal nodes         | Provide missing internal nodes activity with simulation results or by editing the "By Resource Type" views         |
| Device models               | High       | Device models are Production                           |                                                                                                                    |
|                             |            |                                                        |                                                                                                                    |
| Overall confidence level    | Low        |                                                        |                                                                                                                    |
+-----------------------------+------------+--------------------------------------------------------+--------------------------------------------------------------------------------------------------------------------+


2. Settings
-----------

2.1 Environment
---------------

+-----------------------+--------------------------+
| Ambient Temp (C)      | 25.0                     |
| ThetaJA (C/W)         | 4.9                      |
| Airflow (LFM)         | 250                      |
| Heat Sink             | medium (Medium Profile)  |
| ThetaSA (C/W)         | 4.6                      |
| Board Selection       | medium (10"x10")         |
| # of Board Layers     | 12to15 (12 to 15 Layers) |
| Board Temperature (C) | 25.0                     |
+-----------------------+--------------------------+


2.2 Clock Constraints
---------------------

+-----------------------------------------------------------+-------------------------------------------------------+-----------------+
| Clock                                                     | Domain                                                | Constraint (ns) |
+-----------------------------------------------------------+-------------------------------------------------------+-----------------+
| clk_100                                                   | Clk                                                   |            10.0 |
| clk_out1_clk_wiz_0                                        | clk_wiz/inst/clk_out1_clk_wiz_0                       |            40.0 |
| clk_out1_mb_zoom_clk_wiz_1_1                              | mb_zoom_i/clk_wiz_1/inst/clk_out1_mb_zoom_clk_wiz_1_1 |            10.0 |
| clk_out2_clk_wiz_0                                        | clk_wiz/inst/clk_out2_clk_wiz_0                       |             8.0 |
| clkfbout_clk_wiz_0                                        | clk_wiz/inst/clkfbout_clk_wiz_0                       |            10.0 |
| clkfbout_mb_zoom_clk_wiz_1_1                              | mb_zoom_i/clk_wiz_1/inst/clkfbout_mb_zoom_clk_wiz_1_1 |            10.0 |
| mb_zoom_i/mdm_1/U0/Use_E2.BSCAN_I/Use_E2.BSCANE2_I/DRCK   | mb_zoom_i/mdm_1/U0/Use_E2.BSCAN_I/DRCK                |            33.3 |
| mb_zoom_i/mdm_1/U0/Use_E2.BSCAN_I/Use_E2.BSCANE2_I/UPDATE | mb_zoom_i/mdm_1/U0/Use_E2.BSCAN_I/Dbg_Update_0        |            33.3 |
+-----------------------------------------------------------+-------------------------------------------------------+-----------------+


3. Detailed Reports
-------------------

3.1 By Hierarchy
----------------

+-----------------------------+-----------+
| Name                        | Power (W) |
+-----------------------------+-----------+
| zoom_top                    |     0.439 |
|   clk_wiz                   |     0.106 |
|     inst                    |     0.106 |
|   mb_zoom_i                 |     0.130 |
|     clk_wiz_1               |     0.103 |
|       inst                  |     0.103 |
|     microblaze_0            |     0.014 |
|       U0                    |     0.014 |
|     microblaze_0_axi_intc   |     0.001 |
|       U0                    |     0.001 |
|     microblaze_0_axi_periph |     0.001 |
|       xbar                  |     0.001 |
|     spi_usb                 |     0.004 |
|       U0                    |     0.004 |
|     timer_usb_axi           |     0.003 |
|       U0                    |     0.003 |
|   object_mapper             |     0.061 |
|     backdrop                |     0.005 |
|       city_backdrop_rom     |     0.001 |
|       desert_background_rom |     0.001 |
|       space_background_rom  |     0.002 |
|     barricade               |     0.005 |
|       barricade_mover       |     0.004 |
|     blue_car                |     0.005 |
|       blue_car_mover        |     0.004 |
|     car                     |     0.001 |
|     cone                    |     0.004 |
|       cone_mover            |     0.003 |
|     explosion               |     0.006 |
|     game_text               |     0.002 |
|     green_car               |     0.005 |
|       green_car_mover       |     0.004 |
|     main_menu               |     0.001 |
|       main_menu_rom         |     0.001 |
|     puddle                  |     0.004 |
|       puddle_mover          |     0.003 |
|     purple_car              |     0.005 |
|       purple_car_mover      |     0.004 |
|     streetside              |     0.006 |
|     trashcan                |     0.005 |
|       trashcan_mover        |     0.003 |
|     yellow_car              |     0.005 |
|       yellow_car_mover      |     0.004 |
|   obstacle_generator        |     0.002 |
|   vga                       |     0.002 |
|   vga_to_hdmi               |     0.132 |
|     inst                    |     0.132 |
+-----------------------------+-----------+


